
------------------------
2022.12.16 16:14:15
AssistantBot command add
Array
(
    [149] => Array
        (
            [domain] => corp.estelab.ru
            [member_id] => 124ff83138e5ff3838db5f0214c6284a
            [application_token] => 16fc2b5f7189c9cfdf7586e4181433f1
            [AUTH] => Array
                (
                    [domain] => corp.estelab.ru
                    [member_id] => 124ff83138e5ff3838db5f0214c6284a
                    [application_token] => 16fc2b5f7189c9cfdf7586e4181433f1
                )

            [BOT_ID] => 82490
            [BOT_CODE] => AssistantBot
            [COMMAND] => internalTraining
            [COMMAND_ID] => 149
            [COMMAND_PARAMS] => fill internal training
            [COMMAND_CONTEXT] => KEYBOARD
            [MESSAGE_ID] => 13454732
        )

)

------------------------

------------------------
2022.12.16 16:35:43
AssistantBot command add
Array
(
    [147] => Array
        (
            [domain] => corp.estelab.ru
            [member_id] => 124ff83138e5ff3838db5f0214c6284a
            [application_token] => 16fc2b5f7189c9cfdf7586e4181433f1
            [AUTH] => Array
                (
                    [domain] => corp.estelab.ru
                    [member_id] => 124ff83138e5ff3838db5f0214c6284a
                    [application_token] => 16fc2b5f7189c9cfdf7586e4181433f1
                )

            [BOT_ID] => 82490
            [BOT_CODE] => AssistantBot
            [COMMAND] => businessTrip
            [COMMAND_ID] => 147
            [COMMAND_PARAMS] => fill business trip
            [COMMAND_CONTEXT] => KEYBOARD
            [MESSAGE_ID] => 13454607
        )

)

------------------------

------------------------
2022.12.16 16:37:38
AssistantBot command add
Array
(
    [147] => Array
        (
            [domain] => corp.estelab.ru
            [member_id] => 124ff83138e5ff3838db5f0214c6284a
            [application_token] => 16fc2b5f7189c9cfdf7586e4181433f1
            [AUTH] => Array
                (
                    [domain] => corp.estelab.ru
                    [member_id] => 124ff83138e5ff3838db5f0214c6284a
                    [application_token] => 16fc2b5f7189c9cfdf7586e4181433f1
                )

            [BOT_ID] => 82490
            [BOT_CODE] => AssistantBot
            [COMMAND] => businessTrip
            [COMMAND_ID] => 147
            [COMMAND_PARAMS] => fill business trip
            [COMMAND_CONTEXT] => KEYBOARD
            [MESSAGE_ID] => 13454930
        )

)

------------------------

------------------------
2022.12.16 16:38:36
AssistantBot command add
Array
(
    [147] => Array
        (
            [domain] => corp.estelab.ru
            [member_id] => 124ff83138e5ff3838db5f0214c6284a
            [application_token] => 16fc2b5f7189c9cfdf7586e4181433f1
            [AUTH] => Array
                (
                    [domain] => corp.estelab.ru
                    [member_id] => 124ff83138e5ff3838db5f0214c6284a
                    [application_token] => 16fc2b5f7189c9cfdf7586e4181433f1
                )

            [BOT_ID] => 82490
            [BOT_CODE] => AssistantBot
            [COMMAND] => businessTrip
            [COMMAND_ID] => 147
            [COMMAND_PARAMS] => fill business trip
            [COMMAND_CONTEXT] => KEYBOARD
            [MESSAGE_ID] => 13454942
        )

)

------------------------

------------------------
2022.12.16 16:39:22
AssistantBot command add
Array
(
    [149] => Array
        (
            [domain] => corp.estelab.ru
            [member_id] => 124ff83138e5ff3838db5f0214c6284a
            [application_token] => 16fc2b5f7189c9cfdf7586e4181433f1
            [AUTH] => Array
                (
                    [domain] => corp.estelab.ru
                    [member_id] => 124ff83138e5ff3838db5f0214c6284a
                    [application_token] => 16fc2b5f7189c9cfdf7586e4181433f1
                )

            [BOT_ID] => 82490
            [BOT_CODE] => AssistantBot
            [COMMAND] => internalTraining
            [COMMAND_ID] => 149
            [COMMAND_PARAMS] => fill internal training
            [COMMAND_CONTEXT] => KEYBOARD
            [MESSAGE_ID] => 13454955
        )

)

------------------------

------------------------
2022.12.16 16:45:37
AssistantBot command add
Array
(
    [149] => Array
        (
            [domain] => corp.estelab.ru
            [member_id] => 124ff83138e5ff3838db5f0214c6284a
            [application_token] => 16fc2b5f7189c9cfdf7586e4181433f1
            [AUTH] => Array
                (
                    [domain] => corp.estelab.ru
                    [member_id] => 124ff83138e5ff3838db5f0214c6284a
                    [application_token] => 16fc2b5f7189c9cfdf7586e4181433f1
                )

            [BOT_ID] => 82490
            [BOT_CODE] => AssistantBot
            [COMMAND] => internalTraining
            [COMMAND_ID] => 149
            [COMMAND_PARAMS] => fill internal training
            [COMMAND_CONTEXT] => KEYBOARD
            [MESSAGE_ID] => 13455069
        )

)

------------------------

------------------------
2022.12.16 16:46:23
AssistantBot command add
Array
(
    [149] => Array
        (
            [domain] => corp.estelab.ru
            [member_id] => 124ff83138e5ff3838db5f0214c6284a
            [application_token] => 16fc2b5f7189c9cfdf7586e4181433f1
            [AUTH] => Array
                (
                    [domain] => corp.estelab.ru
                    [member_id] => 124ff83138e5ff3838db5f0214c6284a
                    [application_token] => 16fc2b5f7189c9cfdf7586e4181433f1
                )

            [BOT_ID] => 82490
            [BOT_CODE] => AssistantBot
            [COMMAND] => internalTraining
            [COMMAND_ID] => 149
            [COMMAND_PARAMS] => fill internal training
            [COMMAND_CONTEXT] => KEYBOARD
            [MESSAGE_ID] => 13455088
        )

)

------------------------
